<?xml version="1.0" encoding="UTF-8"?>
<!-- Generated by org.testng.reporters.JUnitReportReporter -->
<testsuite skipped="0" hostname="Harender" name="com.practice.SeleniumTest.SampleSelTest" tests="3" failures="0" timestamp="08 Feb 2020 07:37:16 GMT" time="18.170" errors="0">
  <testcase name="testMethod" time="18.139" classname="com.practice.SeleniumTest.SampleSelTest"/>
  <testcase name="testMethod1" time="0.016" classname="com.practice.SeleniumTest.SampleSelTest"/>
  <testcase name="A" time="0.015" classname="com.practice.SeleniumTest.SampleSelTest"/>
</testsuite> <!-- com.practice.SeleniumTest.SampleSelTest -->
